<?xml version="1.0" encoding="UTF-8" ?>
<testsuite errors="0" failures="0" hostname="Luis-Notebook" name="pruebas.ConductorTest" skipped="0" tests="5" time="0.187" timestamp="2022-10-06T01:33:59">
  <properties>
[...]
</properties>
  <testcase classname="pruebas.ConductorTest" name="siNoTienePatenteAlDiaNoDebeSerConductorValido" time="0.014" />
  <testcase classname="pruebas.ConductorTest" name="siNoTieneSeguroNoDebeSerConductorValido" time="0.001" />
  <testcase classname="pruebas.ConductorTest" name="siNoTieneEdadSuficienteNoDebeSerConductorValido" time="0.001" />
  <testcase classname="pruebas.ConductorTest" name="siTieneEdadCarnetPatenteAlDiaYSeguroEsConductorValido" time="0.001" />
  <testcase classname="pruebas.ConductorTest" name="siNoTieneCarnetNoDebeSerConductorValido" time="0.001" />
  <system-out><![CDATA[]]></system-out>
  <system-err><![CDATA[]]></system-err>
</testsuite>
